1763637260828:help
1763637264647:aa
1763637770684:help
1763637779249:ag
1763642156407:help
1763642158320:bid 1
1763642161498:bbid 1
1763644374228:hehelp
1763644375966:help
1763644377571:bbid 1
1763644381205:bbid 2
1763644422052:bbid 1
1763644750863:aa
1763644752761:ag
1763644754414:ab
1763644758571:bbid 1
1763644761406:bbid 3
1763644762939:bbid 4
1763644834508:ab
1763645108242:bdel 3
1763645176666:ab
1763645178499:del 3
1763645181087:bdel 3
1763645502312:ab
1763645507648:bbid 2
1763645512148:bdel 2
1763645513281:ab
1763645525589:bins 2 2, 3
1763645529107:bind 2 2,3
1763645535502:bins test 2 2,3
1763645540454:help
1763645651943:ab
1763645655269:bdel 2
1763645656346:ab
1763645666635:bins test 3 3,4
1763645694526:ab
1763645697786:bdel 3
1763645698914:ab
1763645703681:bins test 1 1,2
1763645735865:ab
1763645747563:bins test2 3 1,2,3
1763645874516:ab
1763645880870:bins test 1 1,2,3
1763645883929:ab
1763645898849:bins test2 1 1,2,3
1763646430477:ab
1763646442711:bbid 1
1763720127060:ab
1763720946309:bbid 2
1763720957330:cbid 1
1763720968835:cbid 2
1763720971392:cbid 123
1763720978171:cbbid 1
1763721031366:cbidcbid 1
1763721032834:cbid 1
1763721036313:cbbid 1
1763721050887:ab
1763721054811:cbbid 1
1763724828249:cbcbbid 1
1763724830758:cbbid 1
1763724837964:cbbid 2
1763724840619:cbbid 3
1763725031612:ab
1763725033414:bbid 3
1763725038725:cbbid 3
1763725050061:cbbid 1
1763725073364:cbbid 2
1763725132049:ab
1763725141803:bbid 2
1763908675476:ab
1763908679824:cbid 3
1763908692812:cbbid 3
1763908695235:cbbid 2
1763971942188:ab
1763972018064:bbid 3
1763972058283:cbbid 1
1763972060790:cbbid 3
1763972063396:cbbid 2
1763972140629:cbbid 1
1764063588961:ab
1764063592500:cbbid 1
1764094723834:Ñ„Ğ¸
1764094724683:ab
1764094729661:help
1764094743265:bins 4 test-book 1 1,2
1764094767085:bins test-book 1 1,2
1764094830740:ab
1764095124603:bins test 1 1,2,3
1764095130721:bbid 4
1764095277860:ab
1764095282970:bins test 1 1,2,3
1764095288028:ab
1764095393679:bins test 1 1,2,3
1764095624164:bins t 1 1,2
1764095749117:ab
1764095754732:bins test 1 1,2,3
1764095775536:ab
1764095790554:bins test 1 1,2,3
1764095823908:bins test2 1 1,2,3,4,5
1764095854909:ab
1764095859189:bins test 1 1,2,3,4,5
1764096895227:ab
1764096900201:bbins test 1 2,3,4,5
1764096907289:bins test 2 2,4,5,
1764096912515:bins test 2 2,4,5
1764096916133:ab
1764096995204:bdel 4
1764096997334:ab
1764097006893:bdel 2
1764097270692:ab
1764097321439:bupd 2 updated-title 3 1,2,3
1764097330787:ab
1764104314302:bbid 1
1764104364129:bbid 2
1764149003106:help
1764149008079:ab
1764149011445:cbbid 2
1764149020804:cbid 1
1764149023870:cbid 12
1764149034687:cins some-new-comment 3
1764149232949:cins test 1
1764149267224:cbbid 1
1764149272565:cbbid 3
1764149277805:cins test2 3
1764149280505:cbbid 3
1767341637696:exit
