1767544218401:aa
1767544425777:ab
1767544433040:ag
1767605242919:ab
1767796001003:aa
1767807802590:ac
1767807807238:ab
1767807810032:aa
1767807839833:ag
1767808196169:ab
1767808197810:aa
1767808199631:ag
1767808206383:ab
1767808717845:a b
1767808718586:ab
1767808728162:b
1767808733579:ab
1767808827367:aa
1767808829069:ag
1767808830694:ab
1767808833960:bbid b1
1767808865580:bbbid b1
1767808867854:bbid b1
1767808870306:bbid bbb
1767808872502:bbid 12
1767808896559:bins test a1 g1,g2,g3
1767808903876:ab
1767809031792:bupd b1 test a2 g1,g5
1767809038172:ab
1767809043314:bdel b1
1767809046432:bdel b5
1767809048129:ab
1767809059508:cbid b1
1767809080211:cbbid b1
1767809097794:cbbid b2
1767809100030:cbbid b3
1767809190143:ab
1767809193000:bdel b1
1767809194168:ab
1767809200076:cbbid b1
1767809202181:cbbid b2
1767809208118:cbid c1
1767809210275:cbid c3
1767809239867:cins test some-comment b1
1767809251128:cins test some-comment b2
1767809268720:cins some-comment b2
1767809278631:cbbid b2
1767809286681:cupd 695ea0f470417be1373f301a some
1767809289687:cbbid b2
1767809298361:cdel 695ea0f470417be1373f301a
1767809301363:cbbid b2
1767809308831:ag
1767809892043:ab
1767809924285:bbid b2
1767809945779:bins test a2 g1,g2
1767809948932:ab
1767809960359:bins test a4 g1,g2
1767865033425:фи
1767865034252:ab
1767886602333:aa
1768325535745:ab
1768325538792:aa
1768325541817:bbid b2
1768325543442:bbid 2
1768325549271:cbid b2
1768325552848:cbbid b2
1768325554993:cbbid b1
1768325801913:cbbid b2
1768325804027:cbbid b3
1768325985203:cbbid b1
1768325988534:bdel b1
1768325990047:ab
1768326004160:cbbid b1
1768326167455:bdel b§
1768326179909:bdel bdel b1
1768326198576:bdel b1
1768326398263:cbbid b1
1768326578780:bdel b1
1768326580873:cbbid b1
1768326582490:ab
