1762883142789:help
1762883147779:whoami
1762883153878:me
1762883155122:mm
1762883157983:logout
1762883164289:test
1762883183355:register
1762883188224:register Paul
1762883193449:login joghn
1762883197374:login Paul
1762883201119:whoami
1762883269769:register 123
1762883272609:login 12
1762883273965:login 123
1762883275074:whoami
1762883276113:test
1762883284893:3
1762883318794:test
1762883329415:help
1762883330469:login
1762883332972:login 123
1762883369909:еуые
1762883370813:test
1762883383384:reg test
1762883384643:log test
1762883385449:test
1762883455821:register test
1762883457671:login test
1762883459763:test
1762883532665:reg
1762883537187:reg --username paul
1762883540499:whoami
1762883599906:login paul
1762883601734:whoami
1762883610938:whpami
1762883614737:whoami
1762883634578:test
1762883638268:exit
