1762515213512:test
1762515219883:start
1762515890812:exit
1762516157878:\\q
1762516173987:exit
1762516178382:quit
1762524786258:start
1762525186607:s
1762608259980:help
1762608267992:ab
1762610450647:help
1762610456318:ab
1762610459241:bins
1762610463468:exit
1762613429384:aa
1762628592781:help
1762629433131:ab
1762629445376:aa
1762630228023:ab
1762631492457:help
1762631496270:ab
1762633069670:help
1762633092438:ag
1762634974806:ab
1762634977034:bbid
1762635009174:bbid --id=1
1762635016588:bbid --id 1
1762676249790:ab
1762676251826:bbid
1762676255566:bbid --id 1
1762676952834:ab
1762676958436:bbid
1762676961432:bbid --id 1
1762677894023:ab
1762677895668:bbid
1762677899077:bbid --id 2
1762677945471:bbid 2
1762677947277:bbid 3
1762677965615:bins newBook 1 1,6
1762677978517:ab
1762677999565:bins testBook 2 4, 5, 6
1762678012742:bins testBook 2  4,5,6
1762678018753:ab
1762678032144:bins book 3 4
1762678041280:bins book 3
1762678173656:aa
1762678179793:ag
1762678202179:bdel 4
1762678203969:ab
1762678297408:bbid 4
1762678304068:bbid 1
1762678380525:bbid 5
1762678806953:ab
1762678808915:bbid 4
1762678850440:ab
1762678852134:bbid 5123
1762678854855:bbid 34
1762678857453:bbid 3
1762678859602:bbid --id 3
1762679318822:ab
1762679335219:bupd 3 edited 5
1762679348220:bupd 3 edited 3 5
1762679358711:bins newBook 1 1,6
1762679361900:ab
1762679374122:bupd 4 editedBook 3 2,5
1762679383172:ab
1762679410872:bbid 4
1762679444050:bins test-book 2 1,2,3
1762679452051:ab
1762679477785:bupd 5 test-book-edited 1 1
1762679484816:sn
1762679485685:a
1762679486404:an
1762679487539:ab
1762679497499:ddel 5
1762679505919:bdel 5
1762679507903:ab
1762679513402:bdel 4
1762679515660:bdel 3
1762679517800:bdel 5
1762679520788:ab
1762679675172:ag
1762679677576:ab
1762679686355:aa
1762679687541:ab
1762679688858:ag
